<?xml version="1.0" encoding="UTF-8"?>
<!-- Generated by org.testng.reporters.JUnitXMLReporter -->
<testsuite hostname="DESKTOP-1RKC60M" ignored="0" name="Test" tests="8" failures="0" timestamp="2020-03-28T18:25:52 GMT" time="155.75" errors="0">
  <testcase name="trains" time="10.692" classname="com.test.IRCTC_TestNG_Multiple_Tests"/>
  <testcase name="testmethod2" time="0.002" classname="com.test.IRCTC_TestNG_Multiple_Tests"/>
  <testcase name="SelectAdvanceDropDown" time="2.368" classname="com.test.DropDown"/>
  <testcase name="DropDown" time="6.223" classname="com.test.DropDown"/>
  <testcase name="Method1" time="22.904" classname="com.test.NewTour_TestNG"/>
  <testcase name="Method1" time="9.205" classname="com.test.Yatra_TestNG"/>
  <testcase name="test1" time="6.206" classname="com.test.flipKart_TestNG_Test"/>
  <testcase name="Method1" time="4.047" classname="com.test.GooglePage_testNG"/>
</testsuite> <!-- Test -->
